


ARM Macro Assembler    Page 1 


    1 00000000                 AREA             RESET,DATA,READONLY
    2 00000000                 EXPORT           __Vectors
    3 00000000         __Vectors
    4 00000000 10001000        DCD              0X10001000
    5 00000004 00000000        DCD              Reset_Handler
    6 00000008                 ALIGN
    7 00000008                 AREA             CODE_SEG,CODE,READONLY
    8 00000000                 ENTRY
    9 00000000                 EXPORT           Reset_Handler
   10 00000000         
   11 00000000         Reset_Handler
   12 00000000 4809            ldr              r0,=num
   13 00000002 490A            ldr              r1,=num2
   14 00000004 6802            ldr              r2,[r0]
   15 00000006 680B            ldr              r3,[r1]
   16 00000008 429A    back    cmp              r2,r3
   17 0000000A 429A            cmp              r2,r3
   18 0000000C D004            beq              exit
   19 0000000E BF88 1AD2       subhi            r2,r3
   20 00000012 BF38 1A9B       sublo            r3,r2
   21 00000016 E7F7            b                back
   22 00000018 4C05    exit    ldr              r4,=ans
   23 0000001A 6022            str              r2,[r4]
   24 0000001C E7FE    stop    b                stop
   25 0000001E 00 00 00000030 
                       num     dcd              0x30
   26 00000024 00000024 
                       num2    dcd              0x24
   27 00000028 00000000 
              00000000 
              00000000         AREA             data,DATA,READWRITE
   28 00000000 00000000 
                       ans     dcd              0
   29 00000004                 end
Command Line: --debug --xref --cpu=Cortex-M3 --apcs=interwork --depend=gcdnumbe
rs.d -ogcdnumbers.o -IC:\Keil\ARM\RV31\INC -IC:\Keil\ARM\CMSIS\Include -IC:\Kei
l\ARM\Inc\NXP\LPC17xx --predefine="__EVAL SETA 1" --list=gcdnumbers.lst gcdnumb
ers.s



ARM Macro Assembler    Page 1 Alphabetic symbol ordering
Relocatable symbols

RESET 00000000

Symbol: RESET
   Definitions
      At line 1 in file gcdnumbers.s
   Uses
      None
Comment: RESET unused
__Vectors 00000000

Symbol: __Vectors
   Definitions
      At line 3 in file gcdnumbers.s
   Uses
      At line 2 in file gcdnumbers.s
Comment: __Vectors used once
2 symbols



ARM Macro Assembler    Page 1 Alphabetic symbol ordering
Relocatable symbols

CODE_SEG 00000000

Symbol: CODE_SEG
   Definitions
      At line 7 in file gcdnumbers.s
   Uses
      None
Comment: CODE_SEG unused
Reset_Handler 00000000

Symbol: Reset_Handler
   Definitions
      At line 11 in file gcdnumbers.s
   Uses
      At line 5 in file gcdnumbers.s
      At line 9 in file gcdnumbers.s

back 00000008

Symbol: back
   Definitions
      At line 16 in file gcdnumbers.s
   Uses
      At line 21 in file gcdnumbers.s
Comment: back used once
exit 00000018

Symbol: exit
   Definitions
      At line 22 in file gcdnumbers.s
   Uses
      At line 18 in file gcdnumbers.s
Comment: exit used once
num 00000020

Symbol: num
   Definitions
      At line 25 in file gcdnumbers.s
   Uses
      At line 12 in file gcdnumbers.s
Comment: num used once
num2 00000024

Symbol: num2
   Definitions
      At line 26 in file gcdnumbers.s
   Uses
      At line 13 in file gcdnumbers.s
Comment: num2 used once
stop 0000001C

Symbol: stop
   Definitions
      At line 24 in file gcdnumbers.s
   Uses
      At line 24 in file gcdnumbers.s
Comment: stop used once
7 symbols



ARM Macro Assembler    Page 1 Alphabetic symbol ordering
Relocatable symbols

ans 00000000

Symbol: ans
   Definitions
      At line 28 in file gcdnumbers.s
   Uses
      At line 22 in file gcdnumbers.s
Comment: ans used once
data 00000000

Symbol: data
   Definitions
      At line 27 in file gcdnumbers.s
   Uses
      None
Comment: data unused
2 symbols
344 symbols in table
