


ARM Macro Assembler    Page 1 


    1 00000000                 AREA             RESET,DATA,READONLY
    2 00000000                 EXPORT           __Vectors
    3 00000000         __Vectors
    4 00000000 10001000        DCD              0X10001000
    5 00000004 00000000        DCD              Reset_Handler
    6 00000008                 ALIGN
    7 00000008                 AREA             CODE_SEG,CODE,READONLY
    8 00000000                 ENTRY
    9 00000000                 EXPORT           Reset_Handler
   10 00000000         
   11 00000000         Reset_Handler
   12 00000000 480F            ldr              r0,=num
   13 00000002 4910            ldr              r1,=num2
   14 00000004 6803            ldr              r3,[r0]
   15 00000006 680A            ldr              r2,[r1]
   16 00000008 18E4    back    adds             r4,r3
   17 0000000A F145 0500       adc              r5,#0
   18 0000000E 2D01            cmp              r5,#1
   19 00000010 D004            beq              count
   20 00000012 F106 0601       add              r6,#1
   21 00000016 42B2            cmp              r2,r6
   22 00000018 D007            beq              exit
   23 0000001A E7F5            b                back
   24 0000001C F107 0701 
                       count   add              r7,#1
   25 00000020 F106 0601       add              r6,#1
   26 00000024 42B2            cmp              r2,r6
   27 00000026 D000            beq              exit
   28 00000028 E7EE            b                back
   29 0000002A F8DF 801C 
                       exit    ldr              r8,=ans
   30 0000002E F848 4B04       str              r4,[r8],#4
   31 00000032 F8C8 7000       str              r7,[r8]
   32 00000036 E7FE    stop    b                stop
   33 00000038 00000044 
                       num     dcd              0x44
   34 0000003C 00000056 
                       num2    dcd              0x56
   35 00000040 00000000 
              00000000 
              00000000         AREA             data,DATA,READWRITE
   36 00000000 00000000 
                       ans     dcd              0
   37 00000004                 end
Command Line: --debug --xref --cpu=Cortex-M3 --apcs=interwork --depend=repititv
eaddition.d -orepititveaddition.o -IC:\Keil\ARM\RV31\INC -IC:\Keil\ARM\CMSIS\In
clude -IC:\Keil\ARM\Inc\NXP\LPC17xx --predefine="__EVAL SETA 1" --list=repititv
eaddition.lst repititveaddition.s



ARM Macro Assembler    Page 1 Alphabetic symbol ordering
Relocatable symbols

RESET 00000000

Symbol: RESET
   Definitions
      At line 1 in file repititveaddition.s
   Uses
      None
Comment: RESET unused
__Vectors 00000000

Symbol: __Vectors
   Definitions
      At line 3 in file repititveaddition.s
   Uses
      At line 2 in file repititveaddition.s
Comment: __Vectors used once
2 symbols



ARM Macro Assembler    Page 1 Alphabetic symbol ordering
Relocatable symbols

CODE_SEG 00000000

Symbol: CODE_SEG
   Definitions
      At line 7 in file repititveaddition.s
   Uses
      None
Comment: CODE_SEG unused
Reset_Handler 00000000

Symbol: Reset_Handler
   Definitions
      At line 11 in file repititveaddition.s
   Uses
      At line 5 in file repititveaddition.s
      At line 9 in file repititveaddition.s

back 00000008

Symbol: back
   Definitions
      At line 16 in file repititveaddition.s
   Uses
      At line 23 in file repititveaddition.s
      At line 28 in file repititveaddition.s

count 0000001C

Symbol: count
   Definitions
      At line 24 in file repititveaddition.s
   Uses
      At line 19 in file repititveaddition.s
Comment: count used once
exit 0000002A

Symbol: exit
   Definitions
      At line 29 in file repititveaddition.s
   Uses
      At line 22 in file repititveaddition.s
      At line 27 in file repititveaddition.s

num 00000038

Symbol: num
   Definitions
      At line 33 in file repititveaddition.s
   Uses
      At line 12 in file repititveaddition.s
Comment: num used once
num2 0000003C

Symbol: num2
   Definitions
      At line 34 in file repititveaddition.s
   Uses
      At line 13 in file repititveaddition.s
Comment: num2 used once



ARM Macro Assembler    Page 2 Alphabetic symbol ordering
Relocatable symbols

stop 00000036

Symbol: stop
   Definitions
      At line 32 in file repititveaddition.s
   Uses
      At line 32 in file repititveaddition.s
Comment: stop used once
8 symbols



ARM Macro Assembler    Page 1 Alphabetic symbol ordering
Relocatable symbols

ans 00000000

Symbol: ans
   Definitions
      At line 36 in file repititveaddition.s
   Uses
      At line 29 in file repititveaddition.s
Comment: ans used once
data 00000000

Symbol: data
   Definitions
      At line 35 in file repititveaddition.s
   Uses
      None
Comment: data unused
2 symbols
345 symbols in table
