


ARM Macro Assembler    Page 1 


    1 00000000                 AREA             RESET,DATA,READONLY
    2 00000000                 EXPORT           __Vectors
    3 00000000         __Vectors
    4 00000000 10001000        DCD              0X10001000
    5 00000004 00000000        DCD              Reset_Handler
    6 00000008                 ALIGN
    7 00000008                 AREA             CODE_SEG,CODE,READONLY
    8 00000000                 ENTRY
    9 00000000                 EXPORT           Reset_Handler
   10 00000000         
   11 00000000         Reset_Handler
   12 00000000 4811            ldr              r0,=arr
   13 00000002 4A12            ldr              r2,=count
   14 00000004 6816            ldr              r6,[r2]
   15 00000006 4C12            ldr              r4,=target
   16 00000008 6825            ldr              r5,[r4]
   17 0000000A F850 3B04 
                       back    ldr              r3,[r0],#4
   18 0000000E 429D            cmp              r5,r3
   19 00000010 D002            beq              exit
   20 00000012 F106 0601       add              r6,#1
   21 00000016 E7F8            b                back
   22 00000018 6016    exit    str              r6, [r2]
   23 0000001A E7FE    stop    b                stop
   24 0000001C 00000004 
              00000005 
              00000006 
              00000007 
              00000008 
              00000001 
              00000002 
              00000003 
              00000009 
              0000000A arr     dcd              0x4,0x5,0x6,0x7,0x8,0x1,0x2,0x3
,0x9,0xa
   25 00000044 00000003 
                       target  dcd              0x3
   26 00000048 00000000 
              00000000 
              00000000         AREA             data,DATA,READWRITE
   27 00000000 00000000 
                       count   dcd              0
   28 00000004         end
                       
Command Line: --debug --xref --cpu=Cortex-M3 --apcs=interwork --depend=lab4q1.d
 -olab4q1.o -IC:\Keil\ARM\RV31\INC -IC:\Keil\ARM\CMSIS\Include -IC:\Keil\ARM\In
c\NXP\LPC17xx --predefine="__EVAL SETA 1" --list=lab4q1.lst lab4q1.s



ARM Macro Assembler    Page 1 Alphabetic symbol ordering
Relocatable symbols

RESET 00000000

Symbol: RESET
   Definitions
      At line 1 in file lab4q1.s
   Uses
      None
Comment: RESET unused
__Vectors 00000000

Symbol: __Vectors
   Definitions
      At line 3 in file lab4q1.s
   Uses
      At line 2 in file lab4q1.s
Comment: __Vectors used once
2 symbols



ARM Macro Assembler    Page 1 Alphabetic symbol ordering
Relocatable symbols

CODE_SEG 00000000

Symbol: CODE_SEG
   Definitions
      At line 7 in file lab4q1.s
   Uses
      None
Comment: CODE_SEG unused
Reset_Handler 00000000

Symbol: Reset_Handler
   Definitions
      At line 11 in file lab4q1.s
   Uses
      At line 5 in file lab4q1.s
      At line 9 in file lab4q1.s

arr 0000001C

Symbol: arr
   Definitions
      At line 24 in file lab4q1.s
   Uses
      At line 12 in file lab4q1.s
Comment: arr used once
back 0000000A

Symbol: back
   Definitions
      At line 17 in file lab4q1.s
   Uses
      At line 21 in file lab4q1.s
Comment: back used once
exit 00000018

Symbol: exit
   Definitions
      At line 22 in file lab4q1.s
   Uses
      At line 19 in file lab4q1.s
Comment: exit used once
stop 0000001A

Symbol: stop
   Definitions
      At line 23 in file lab4q1.s
   Uses
      At line 23 in file lab4q1.s
Comment: stop used once
target 00000044

Symbol: target
   Definitions
      At line 25 in file lab4q1.s
   Uses
      At line 15 in file lab4q1.s
Comment: target used once
7 symbols



ARM Macro Assembler    Page 1 Alphabetic symbol ordering
Relocatable symbols

count 00000000

Symbol: count
   Definitions
      At line 27 in file lab4q1.s
   Uses
      At line 13 in file lab4q1.s
Comment: count used once
data 00000000

Symbol: data
   Definitions
      At line 26 in file lab4q1.s
   Uses
      None
Comment: data unused
end 00000004

Symbol: end
   Definitions
      At line 28 in file lab4q1.s
   Uses
      None
Comment: end unused
3 symbols
345 symbols in table
