


ARM Macro Assembler    Page 1 


    1 00000000                 AREA             RESET,DATA,READONLY
    2 00000000                 EXPORT           __Vectors
    3 00000000         __Vectors
    4 00000000 10001000        DCD              0X10001000
    5 00000004 00000000        DCD              Reset_Handler
    6 00000008                 ALIGN
    7 00000008                 AREA             CODE_SEG,CODE,READONLY
    8 00000000                 ENTRY
    9 00000000                 EXPORT           Reset_Handler
   10 00000000         
   11 00000000         Reset_Handler
   12 00000000 480C            ldr              r0,=num
   13 00000002 6801            ldr              r1,[r0]
   14 00000004 F001 01FF       and              r1,#0x00ff
   15 00000008 2940            cmp              r1,#0x40
   16 0000000A D300            blo              below
   17 0000000C 3907            subs             r1,#0x7
   18 0000000E 3930    below   subs             r1,#0x30
   19 00000010 EA4F 1101       lsl              r1,#4
   20 00000014 6802            ldr              r2,[r0]
   21 00000016 F402 427F       and              r2,#0xff00
   22 0000001A EA4F 2212       lsr              r2,#8
   23 0000001E 2A40            cmp              r2,#0x40
   24 00000020 D300            blo              below1
   25 00000022 3A07            subs             r2,#0x7
   26 00000024 3A30    below1  subs             r2,#0x30
   27 00000026 4411            add              r1,r2
   28 00000028 4B03            ldr              r3,=ans
   29 0000002A 6019            str              r1,[r3]
   30 0000002C E7FE    stop    b                stop
   31 0000002E 00 00 00003642 
                       num     dcd              0x3642
   32 00000034 00000000 
              00000000         AREA             data,DATA,READWRITE
   33 00000000 00000000 
                       ans     dcd              0
   34 00000004                 end
Command Line: --debug --xref --cpu=Cortex-M3 --apcs=interwork --depend=ascii_to
_hexa.d -oascii_to_hexa.o -IC:\Keil\ARM\RV31\INC -IC:\Keil\ARM\CMSIS\Include -I
C:\Keil\ARM\Inc\NXP\LPC17xx --predefine="__EVAL SETA 1" --list=ascii_to_hexa.ls
t ascii_to_hexa.s



ARM Macro Assembler    Page 1 Alphabetic symbol ordering
Relocatable symbols

RESET 00000000

Symbol: RESET
   Definitions
      At line 1 in file ascii_to_hexa.s
   Uses
      None
Comment: RESET unused
__Vectors 00000000

Symbol: __Vectors
   Definitions
      At line 3 in file ascii_to_hexa.s
   Uses
      At line 2 in file ascii_to_hexa.s
Comment: __Vectors used once
2 symbols



ARM Macro Assembler    Page 1 Alphabetic symbol ordering
Relocatable symbols

CODE_SEG 00000000

Symbol: CODE_SEG
   Definitions
      At line 7 in file ascii_to_hexa.s
   Uses
      None
Comment: CODE_SEG unused
Reset_Handler 00000000

Symbol: Reset_Handler
   Definitions
      At line 11 in file ascii_to_hexa.s
   Uses
      At line 5 in file ascii_to_hexa.s
      At line 9 in file ascii_to_hexa.s

below 0000000E

Symbol: below
   Definitions
      At line 18 in file ascii_to_hexa.s
   Uses
      At line 16 in file ascii_to_hexa.s
Comment: below used once
below1 00000024

Symbol: below1
   Definitions
      At line 26 in file ascii_to_hexa.s
   Uses
      At line 24 in file ascii_to_hexa.s
Comment: below1 used once
num 00000030

Symbol: num
   Definitions
      At line 31 in file ascii_to_hexa.s
   Uses
      At line 12 in file ascii_to_hexa.s
Comment: num used once
stop 0000002C

Symbol: stop
   Definitions
      At line 30 in file ascii_to_hexa.s
   Uses
      At line 30 in file ascii_to_hexa.s
Comment: stop used once
6 symbols



ARM Macro Assembler    Page 1 Alphabetic symbol ordering
Relocatable symbols

ans 00000000

Symbol: ans
   Definitions
      At line 33 in file ascii_to_hexa.s
   Uses
      At line 28 in file ascii_to_hexa.s
Comment: ans used once
data 00000000

Symbol: data
   Definitions
      At line 32 in file ascii_to_hexa.s
   Uses
      None
Comment: data unused
2 symbols
343 symbols in table
