


ARM Macro Assembler    Page 1 


    1 00000000                 AREA             RESET,DATA,READONLY
    2 00000000                 EXPORT           __Vectors
    3 00000000         __Vectors
    4 00000000 10001000        DCD              0X10001000
    5 00000004 00000000        DCD              Reset_Handler
    6 00000008                 ALIGN
    7 00000008                 AREA             CODE_SEG,CODE,READONLY
    8 00000000                 ENTRY
    9 00000000                 EXPORT           Reset_Handler
   10 00000000         
   11 00000000         Reset_Handler
   12 00000000 4809            ldr              r0,=num
   13 00000002 6801            ldr              r1,[r0]
   14 00000004 460A            mov              r2,r1
   15 00000006 F001 010F       and              r1,#0x0f
   16 0000000A F002 02F0       and              r2,#0xf0
   17 0000000E EA4F 1212       lsr              r2,#4
   18 00000012 F04F 060A       mov              r6,#0xa
   19 00000016 FB02 F406       mul              r4,r2,r6
   20 0000001A 440C            add              r4,r1
   21 0000001C 4B03            ldr              r3,=ans
   22 0000001E 601C            str              r4,[r3]
   23 00000020 E7FE    stop    b                stop
   24 00000022 00 00 00000042 
                       num     dcd              0x42
   25 00000028 00000000 
              00000000         AREA             data,DATA,READWRITE
   26 00000000 00000000 
                       ans     dcd              0
   27 00000004                 end
Command Line: --debug --xref --cpu=Cortex-M3 --apcs=interwork --depend=bcd_to_h
ex.d -obcd_to_hex.o -IC:\Keil\ARM\RV31\INC -IC:\Keil\ARM\CMSIS\Include -IC:\Kei
l\ARM\Inc\NXP\LPC17xx --predefine="__EVAL SETA 1" --list=bcd_to_hex.lst bcd_to_
hex.s



ARM Macro Assembler    Page 1 Alphabetic symbol ordering
Relocatable symbols

RESET 00000000

Symbol: RESET
   Definitions
      At line 1 in file bcd_to_hex.s
   Uses
      None
Comment: RESET unused
__Vectors 00000000

Symbol: __Vectors
   Definitions
      At line 3 in file bcd_to_hex.s
   Uses
      At line 2 in file bcd_to_hex.s
Comment: __Vectors used once
2 symbols



ARM Macro Assembler    Page 1 Alphabetic symbol ordering
Relocatable symbols

CODE_SEG 00000000

Symbol: CODE_SEG
   Definitions
      At line 7 in file bcd_to_hex.s
   Uses
      None
Comment: CODE_SEG unused
Reset_Handler 00000000

Symbol: Reset_Handler
   Definitions
      At line 11 in file bcd_to_hex.s
   Uses
      At line 5 in file bcd_to_hex.s
      At line 9 in file bcd_to_hex.s

num 00000024

Symbol: num
   Definitions
      At line 24 in file bcd_to_hex.s
   Uses
      At line 12 in file bcd_to_hex.s
Comment: num used once
stop 00000020

Symbol: stop
   Definitions
      At line 23 in file bcd_to_hex.s
   Uses
      At line 23 in file bcd_to_hex.s
Comment: stop used once
4 symbols



ARM Macro Assembler    Page 1 Alphabetic symbol ordering
Relocatable symbols

ans 00000000

Symbol: ans
   Definitions
      At line 26 in file bcd_to_hex.s
   Uses
      At line 21 in file bcd_to_hex.s
Comment: ans used once
data 00000000

Symbol: data
   Definitions
      At line 25 in file bcd_to_hex.s
   Uses
      None
Comment: data unused
2 symbols
341 symbols in table
