


ARM Macro Assembler    Page 1 


    1 00000000                 AREA             RESET,DATA,READONLY
    2 00000000                 EXPORT           __Vectors
    3 00000000         
    4 00000000         __Vectors
    5 00000000 10010000        DCD              0X10010000
    6 00000004 00000000        DCD              Reset_Handler
    7 00000008         
    8 00000008                 ALIGN
    9 00000008                 AREA             CODE_SEG, CODE, READONLY
   10 00000000                 ENTRY
   11 00000000                 EXPORT           Reset_Handler
   12 00000000         Reset_Handler
   13 00000000 480F            LDR              R0,=SRC1
   14 00000002 4910            LDR              R1,=SRC2
   15 00000004 4A10            LDR              R2,=DST
   16 00000006 F04F 0304       MOV              R3,#4
   17 0000000A         UP
   18 0000000A F850 4B04       LDR              R4,[R0],#4
   19 0000000E F851 5B04       LDR              R5,[R1],#4
   20 00000012 416C            ADCS             R4,R5
   21 00000014 F842 4B04       STR              R4,[R2],#4
   22 00000018 3B01            SUBS             R3,#1
   23 0000001A D1F6            BNE              UP
   24 0000001C E7FE    STOP    B                STOP
   25 0000001E 00 00 12345678 
              98765432 
              ABCDEF12 
              56789012 SRC1    DCD              0x12345678,0x98765432,0xABCDEF1
2,0X56789012
   26 00000030 00000001 
              00000002 
              00000003 
              00000004 SRC2    DCD              0X1,0X2,0X3,0X4
   27 00000040 00000000 
              00000000 
              00000000         AREA             DATA_SEG,READWRITE
   28 00000000 00000000 
              00000000 
              00000000 
              00000000 DST     DCD              0,0,0,0
   29 00000010                 END
Command Line: --debug --xref --cpu=Cortex-M3 --apcs=interwork --depend=Lab1Q2.d
 -oLab1Q2.o -IC:\Keil_v5\ARM\RV31\INC -IC:\Keil_v5\ARM\CMSIS\Include -IC:\Keil_
v5\ARM\Inc\NXP\LPC17xx --predefine="__EVAL SETA 1" --list=Lab1Q2.lst Lab1Q2.asm



ARM Macro Assembler    Page 1 Alphabetic symbol ordering
Relocatable symbols

RESET 00000000

Symbol: RESET
   Definitions
      At line 1 in file Lab1Q2.asm
   Uses
      None
Comment: RESET unused
__Vectors 00000000

Symbol: __Vectors
   Definitions
      At line 4 in file Lab1Q2.asm
   Uses
      At line 2 in file Lab1Q2.asm
Comment: __Vectors used once
2 symbols



ARM Macro Assembler    Page 1 Alphabetic symbol ordering
Relocatable symbols

CODE_SEG 00000000

Symbol: CODE_SEG
   Definitions
      At line 9 in file Lab1Q2.asm
   Uses
      None
Comment: CODE_SEG unused
Reset_Handler 00000000

Symbol: Reset_Handler
   Definitions
      At line 12 in file Lab1Q2.asm
   Uses
      At line 6 in file Lab1Q2.asm
      At line 11 in file Lab1Q2.asm

SRC1 00000020

Symbol: SRC1
   Definitions
      At line 25 in file Lab1Q2.asm
   Uses
      At line 13 in file Lab1Q2.asm
Comment: SRC1 used once
SRC2 00000030

Symbol: SRC2
   Definitions
      At line 26 in file Lab1Q2.asm
   Uses
      At line 14 in file Lab1Q2.asm
Comment: SRC2 used once
STOP 0000001C

Symbol: STOP
   Definitions
      At line 24 in file Lab1Q2.asm
   Uses
      At line 24 in file Lab1Q2.asm
Comment: STOP used once
UP 0000000A

Symbol: UP
   Definitions
      At line 17 in file Lab1Q2.asm
   Uses
      At line 23 in file Lab1Q2.asm
Comment: UP used once
6 symbols



ARM Macro Assembler    Page 1 Alphabetic symbol ordering
Relocatable symbols

DATA_SEG 00000000

Symbol: DATA_SEG
   Definitions
      At line 27 in file Lab1Q2.asm
   Uses
      None
Comment: DATA_SEG unused
DST 00000000

Symbol: DST
   Definitions
      At line 28 in file Lab1Q2.asm
   Uses
      At line 15 in file Lab1Q2.asm
Comment: DST used once
2 symbols
343 symbols in table
